1688602236655	geckodriver	INFO	Listening on 127.0.0.1:50588
1688602239677	mozrunner::runner	INFO	Running command: "C:\\Program Files\\Mozilla Firefox\\firefox.exe" "--marionette" "--remote-debugging-port" "50589" "--remote-allow-hosts" "localhost" "-no-remote" "-profile" "C:\\Users\\RAE\\AppData\\Local\\Temp\\rust_mozprofileQICoR4"
console.warn: services.settings: Ignoring preference override of remote settings server
console.warn: services.settings: Allow by setting MOZ_REMOTE_SETTINGS_DEVTOOLS=1 in the environment
1688602242166	Marionette	INFO	Marionette enabled
Dynamically enable window occlusion 0
1688602242670	Marionette	INFO	Listening on port 50596
Read port: 50596
WebDriver BiDi listening on ws://127.0.0.1:50589
1688602244788	RemoteAgent	WARN	TLS certificate errors will be ignored for this session
DevTools listening on ws://127.0.0.1:50589/devtools/browser/0258ff75-debf-47d1-a58a-495b76b156b1
JavaScript warning: https://www.google.com/maps/_/js/k=maps.m.en.adM_FBJJ1kg.2019.O/m=sc2,per,mo,lp,ep,ti,ds,stx,dwi,enr,pwd,dw,ppl,log,std,b/am=BkIiAAE/rt=j/d=1/rs=ACT90oGux5zlFoaAAZuaOLblug2y0_cMPQ, line 2907: WEBGL_debug_renderer_info is deprecated in Firefox and will be removed. Please use RENDERER.
JavaScript warning: , line 0: WebGL warning: texSubImage: Texture has not been initialized prior to a partial upload, forcing the browser to clear it. This may be slow.
JavaScript warning: , line 0: WebGL warning: texSubImage: Tex image TEXTURE_2D level 0 is incurring lazy initialization.
JavaScript warning: , line 0: WebGL warning: texSubImage: Texture has not been initialized prior to a partial upload, forcing the browser to clear it. This may be slow.
JavaScript warning: , line 0: WebGL warning: texSubImage: Tex image TEXTURE_2D level 0 is incurring lazy initialization.
JavaScript warning: , line 0: WebGL warning: texSubImage: Texture has not been initialized prior to a partial upload, forcing the browser to clear it. This may be slow.
JavaScript warning: , line 0: WebGL warning: texSubImage: Tex image TEXTURE_2D level 0 is incurring lazy initialization.
JavaScript warning: , line 0: WebGL warning: texSubImage: Texture has not been initialized prior to a partial upload, forcing the browser to clear it. This may be slow.
JavaScript warning: , line 0: WebGL warning: texSubImage: Tex image TEXTURE_2D level 0 is incurring lazy initialization.
JavaScript warning: , line 0: WebGL warning: copyTexSubImage: Texture has not been initialized prior to a partial upload, forcing the browser to clear it. This may be slow.
JavaScript warning: , line 0: WebGL warning: copyTexSubImage: Tex image TEXTURE_2D level 0 is incurring lazy initialization.
1688602272103	Marionette	INFO	Stopped listening on port 50596
Dynamically enable window occlusion 1
console.error: "DEPRECATION WARNING: Calling FileUtils.getDir(..., ..., true) causes main thread I/O and should be avoided especially during startup/shutdown\nYou may find more details about this deprecation at: https://bugzilla.mozilla.org/show_bug.cgi?id=921157\nresource://gre/modules/FileUtils.sys.mjs 62 FileUtils_getDir\nresource://gre/modules/UpdateService.sys.mjs 1054 getUpdateDirCreate\nresource://gre/modules/UpdateService.sys.mjs 1093 getUpdateFile\nresource://gre/modules/UpdateService.sys.mjs 4440 UM__loadXMLFileIntoArray\nresource://gre/modules/UpdateService.sys.mjs 4274 UpdateManager\nresource://gre/modules/XPCOMUtils.sys.mjs 137 defineLazyServiceGetter/<\nresource://gre/modules/UpdateService.sys.mjs 3374 get _pingSuffix\nresource://gre/modules/UpdateService.sys.mjs 3417 AUS__checkForBackgroundUpdates\nresource://gre/modules/UpdateService.sys.mjs 3362 AUS_notify\nresource://gre/modules/UpdateTimerManager.sys.mjs 199 TM_notify/</<\n"
console.error: "DEPRECATION WARNING: Calling FileUtils.getDir(..., ..., true) causes main thread I/O and should be avoided especially during startup/shutdown\nYou may find more details about this deprecation at: https://bugzilla.mozilla.org/show_bug.cgi?id=921157\nresource://gre/modules/FileUtils.sys.mjs 62 FileUtils_getDir\nresource://gre/modules/UpdateService.sys.mjs 1054 getUpdateDirCreate\nresource://gre/modules/UpdateService.sys.mjs 1093 getUpdateFile\nresource://gre/modules/UpdateService.sys.mjs 771 getCanApplyUpdates\nresource://gre/modules/UpdateService.sys.mjs 3425 AUS__checkForBackgroundUpdates\nresource://gre/modules/UpdateService.sys.mjs 3362 AUS_notify\nresource://gre/modules/UpdateTimerManager.sys.mjs 199 TM_notify/</<\n"
1688602273514	addons.xpi	ERROR	System addon update list error Error: Failed downloading XML, status: 0, channelStatus: 2147500036, errorCode: 2, reason: error
console.error: (new Error("Polling for changes failed: NetworkError: Network request failed.", "resource://services-settings/remote-settings.sys.mjs", 324))
1688602310729	geckodriver	INFO	Listening on 127.0.0.1:50647
1688602313714	mozrunner::runner	INFO	Running command: "C:\\Program Files\\Mozilla Firefox\\firefox.exe" "--marionette" "--remote-debugging-port" "50648" "--remote-allow-hosts" "localhost" "-no-remote" "-profile" "C:\\Users\\RAE\\AppData\\Local\\Temp\\rust_mozprofilemc7oeu"
console.warn: services.settings: Ignoring preference override of remote settings server
console.warn: services.settings: Allow by setting MOZ_REMOTE_SETTINGS_DEVTOOLS=1 in the environment
1688602314912	Marionette	INFO	Marionette enabled
Dynamically enable window occlusion 0
1688602315043	Marionette	INFO	Listening on port 50655
WebDriver BiDi listening on ws://127.0.0.1:50648
Read port: 50655
1688602316288	RemoteAgent	WARN	TLS certificate errors will be ignored for this session
DevTools listening on ws://127.0.0.1:50648/devtools/browser/7251ca2d-c67b-4386-a02a-4d493e47f179
console.error: (new TypeError("this._searchProviderInfo is null", "resource:///modules/SearchSERPTelemetry.sys.mjs", 638))
console.error: (new TypeError("linkMap is undefined", "resource://gre/modules/NewTabUtils.sys.mjs", 2003))
JavaScript warning: https://www.google.com/maps/_/js/k=maps.m.en.adM_FBJJ1kg.2019.O/m=sc2,per,mo,lp,ep,ti,ds,stx,dwi,enr,pwd,dw,ppl,log,std,b/am=BkIiAAE/rt=j/d=1/rs=ACT90oGux5zlFoaAAZuaOLblug2y0_cMPQ, line 2907: WEBGL_debug_renderer_info is deprecated in Firefox and will be removed. Please use RENDERER.
JavaScript warning: , line 0: WebGL warning: texSubImage: Texture has not been initialized prior to a partial upload, forcing the browser to clear it. This may be slow.
JavaScript warning: , line 0: WebGL warning: texSubImage: Tex image TEXTURE_2D level 0 is incurring lazy initialization.
JavaScript warning: , line 0: WebGL warning: texSubImage: Texture has not been initialized prior to a partial upload, forcing the browser to clear it. This may be slow.
JavaScript warning: , line 0: WebGL warning: texSubImage: Tex image TEXTURE_2D level 0 is incurring lazy initialization.
JavaScript warning: , line 0: WebGL warning: texSubImage: Texture has not been initialized prior to a partial upload, forcing the browser to clear it. This may be slow.
JavaScript warning: , line 0: WebGL warning: texSubImage: Tex image TEXTURE_2D level 0 is incurring lazy initialization.
JavaScript warning: , line 0: WebGL warning: texSubImage: Texture has not been initialized prior to a partial upload, forcing the browser to clear it. This may be slow.
JavaScript warning: , line 0: WebGL warning: texSubImage: Tex image TEXTURE_2D level 0 is incurring lazy initialization.
1688602354752	Marionette	INFO	Stopped listening on port 50655
Dynamically enable window occlusion 1
1688602471829	geckodriver	INFO	Listening on 127.0.0.1:50741
1688602474854	mozrunner::runner	INFO	Running command: "C:\\Program Files\\Mozilla Firefox\\firefox.exe" "--marionette" "--remote-debugging-port" "50742" "--remote-allow-hosts" "localhost" "-no-remote" "-profile" "C:\\Users\\RAE\\AppData\\Local\\Temp\\rust_mozprofilezQw7hp"
console.warn: services.settings: Ignoring preference override of remote settings server
console.warn: services.settings: Allow by setting MOZ_REMOTE_SETTINGS_DEVTOOLS=1 in the environment
1688602476079	Marionette	INFO	Marionette enabled
Dynamically enable window occlusion 0
1688602476246	Marionette	INFO	Listening on port 50751
WebDriver BiDi listening on ws://127.0.0.1:50742
Read port: 50751
1688602477508	RemoteAgent	WARN	TLS certificate errors will be ignored for this session
DevTools listening on ws://127.0.0.1:50742/devtools/browser/5855ffda-2b33-4dee-be6e-bcccb5f00f6e
console.error: (new TypeError("this._searchProviderInfo is null", "resource:///modules/SearchSERPTelemetry.sys.mjs", 638))
console.error: (new TypeError("linkMap is undefined", "resource://gre/modules/NewTabUtils.sys.mjs", 2003))
JavaScript warning: https://www.google.com/maps/_/js/k=maps.m.en.adM_FBJJ1kg.2019.O/m=sc2,per,mo,lp,ep,ti,ds,stx,dwi,enr,pwd,dw,ppl,log,std,b/am=BkIiAAE/rt=j/d=1/rs=ACT90oGux5zlFoaAAZuaOLblug2y0_cMPQ, line 2907: WEBGL_debug_renderer_info is deprecated in Firefox and will be removed. Please use RENDERER.
JavaScript warning: , line 0: WebGL warning: texSubImage: Texture has not been initialized prior to a partial upload, forcing the browser to clear it. This may be slow.
JavaScript warning: , line 0: WebGL warning: texSubImage: Tex image TEXTURE_2D level 0 is incurring lazy initialization.
JavaScript warning: , line 0: WebGL warning: texSubImage: Texture has not been initialized prior to a partial upload, forcing the browser to clear it. This may be slow.
JavaScript warning: , line 0: WebGL warning: texSubImage: Tex image TEXTURE_2D level 0 is incurring lazy initialization.
JavaScript warning: , line 0: WebGL warning: texSubImage: Texture has not been initialized prior to a partial upload, forcing the browser to clear it. This may be slow.
JavaScript warning: , line 0: WebGL warning: texSubImage: Tex image TEXTURE_2D level 0 is incurring lazy initialization.
JavaScript warning: , line 0: WebGL warning: texSubImage: Texture has not been initialized prior to a partial upload, forcing the browser to clear it. This may be slow.
JavaScript warning: , line 0: WebGL warning: texSubImage: Tex image TEXTURE_2D level 0 is incurring lazy initialization.
1688602567484	Marionette	INFO	Stopped listening on port 50751
Dynamically enable window occlusion 1
1688602722969	geckodriver	INFO	Listening on 127.0.0.1:50846
1688602725984	mozrunner::runner	INFO	Running command: "C:\\Program Files\\Mozilla Firefox\\firefox.exe" "--marionette" "--remote-debugging-port" "50847" "--remote-allow-hosts" "localhost" "-no-remote" "-profile" "C:\\Users\\RAE\\AppData\\Local\\Temp\\rust_mozprofileVtC0QO"
console.warn: services.settings: Ignoring preference override of remote settings server
console.warn: services.settings: Allow by setting MOZ_REMOTE_SETTINGS_DEVTOOLS=1 in the environment
1688602727211	Marionette	INFO	Marionette enabled
Dynamically enable window occlusion 0
1688602727362	Marionette	INFO	Listening on port 50854
WebDriver BiDi listening on ws://127.0.0.1:50847
Read port: 50854
1688602728671	RemoteAgent	WARN	TLS certificate errors will be ignored for this session
1688602758360	geckodriver	INFO	Listening on 127.0.0.1:50873
1688602761409	mozrunner::runner	INFO	Running command: "C:\\Program Files\\Mozilla Firefox\\firefox.exe" "--marionette" "--remote-debugging-port" "50874" "--remote-allow-hosts" "localhost" "-no-remote" "-profile" "C:\\Users\\RAE\\AppData\\Local\\Temp\\rust_mozprofileu7YlRl"
console.warn: services.settings: Ignoring preference override of remote settings server
console.warn: services.settings: Allow by setting MOZ_REMOTE_SETTINGS_DEVTOOLS=1 in the environment
1688602762148	Marionette	INFO	Marionette enabled
Dynamically enable window occlusion 0
1688602762310	Marionette	INFO	Listening on port 50881
WebDriver BiDi listening on ws://127.0.0.1:50874
Read port: 50881
1688602763807	RemoteAgent	WARN	TLS certificate errors will be ignored for this session
DevTools listening on ws://127.0.0.1:50874/devtools/browser/8444b894-f036-430a-bd0b-7ea965ccb047
console.error: (new TypeError("this._searchProviderInfo is null", "resource:///modules/SearchSERPTelemetry.sys.mjs", 638))
console.error: (new TypeError("linkMap is undefined", "resource://gre/modules/NewTabUtils.sys.mjs", 2003))
JavaScript warning: https://www.google.com/maps/_/js/k=maps.m.en.adM_FBJJ1kg.2019.O/m=sc2,per,mo,lp,ep,ti,ds,stx,dwi,enr,pwd,dw,ppl,log,std,b/am=BkIiAAE/rt=j/d=1/rs=ACT90oGux5zlFoaAAZuaOLblug2y0_cMPQ, line 2907: WEBGL_debug_renderer_info is deprecated in Firefox and will be removed. Please use RENDERER.
JavaScript warning: , line 0: WebGL warning: texSubImage: Texture has not been initialized prior to a partial upload, forcing the browser to clear it. This may be slow.
JavaScript warning: , line 0: WebGL warning: texSubImage: Tex image TEXTURE_2D level 0 is incurring lazy initialization.
JavaScript warning: , line 0: WebGL warning: texSubImage: Texture has not been initialized prior to a partial upload, forcing the browser to clear it. This may be slow.
JavaScript warning: , line 0: WebGL warning: texSubImage: Tex image TEXTURE_2D level 0 is incurring lazy initialization.
JavaScript warning: , line 0: WebGL warning: copyTexSubImage: Texture has not been initialized prior to a partial upload, forcing the browser to clear it. This may be slow.
JavaScript warning: , line 0: WebGL warning: copyTexSubImage: Tex image TEXTURE_2D level 0 is incurring lazy initialization.
JavaScript warning: , line 0: WebGL warning: texSubImage: Texture has not been initialized prior to a partial upload, forcing the browser to clear it. This may be slow.
JavaScript warning: , line 0: WebGL warning: texSubImage: Tex image TEXTURE_2D level 0 is incurring lazy initialization.
1688603326935	geckodriver	INFO	Listening on 127.0.0.1:50991
1688603329965	mozrunner::runner	INFO	Running command: "C:\\Program Files\\Mozilla Firefox\\firefox.exe" "--marionette" "--remote-debugging-port" "50992" "--remote-allow-hosts" "localhost" "-no-remote" "-profile" "C:\\Users\\RAE\\AppData\\Local\\Temp\\rust_mozprofilecGb2sj"
console.warn: services.settings: Ignoring preference override of remote settings server
console.warn: services.settings: Allow by setting MOZ_REMOTE_SETTINGS_DEVTOOLS=1 in the environment
1688603330724	Marionette	INFO	Marionette enabled
Dynamically enable window occlusion 0
1688603330861	Marionette	INFO	Listening on port 50999
WebDriver BiDi listening on ws://127.0.0.1:50992
Read port: 50999
1688603332209	RemoteAgent	WARN	TLS certificate errors will be ignored for this session
DevTools listening on ws://127.0.0.1:50992/devtools/browser/7793f4e3-3831-4653-a30d-8b242559ac64
console.error: (new TypeError("linkMap is undefined", "resource://gre/modules/NewTabUtils.sys.mjs", 2003))
JavaScript warning: https://www.google.com/maps/_/js/k=maps.m.en.adM_FBJJ1kg.2019.O/m=sc2,per,mo,lp,ep,ti,ds,stx,dwi,enr,pwd,dw,ppl,log,std,b/am=BkIiAAE/rt=j/d=1/rs=ACT90oGux5zlFoaAAZuaOLblug2y0_cMPQ, line 2907: WEBGL_debug_renderer_info is deprecated in Firefox and will be removed. Please use RENDERER.
JavaScript warning: , line 0: WebGL warning: texSubImage: Texture has not been initialized prior to a partial upload, forcing the browser to clear it. This may be slow.
JavaScript warning: , line 0: WebGL warning: texSubImage: Tex image TEXTURE_2D level 0 is incurring lazy initialization.
JavaScript warning: , line 0: WebGL warning: texSubImage: Texture has not been initialized prior to a partial upload, forcing the browser to clear it. This may be slow.
JavaScript warning: , line 0: WebGL warning: texSubImage: Tex image TEXTURE_2D level 0 is incurring lazy initialization.
JavaScript warning: , line 0: WebGL warning: texSubImage: Texture has not been initialized prior to a partial upload, forcing the browser to clear it. This may be slow.
JavaScript warning: , line 0: WebGL warning: texSubImage: Tex image TEXTURE_2D level 0 is incurring lazy initialization.
JavaScript warning: , line 0: WebGL warning: texSubImage: Texture has not been initialized prior to a partial upload, forcing the browser to clear it. This may be slow.
JavaScript warning: , line 0: WebGL warning: texSubImage: Tex image TEXTURE_2D level 0 is incurring lazy initialization.
1688603449888	Marionette	INFO	Stopped listening on port 50999
Dynamically enable window occlusion 1
!!! error running onStopped callback: TypeError: callback is not a function
JavaScript error: chrome://remote/content/marionette/cert.sys.mjs, line 51: NS_ERROR_NOT_AVAILABLE: Component returned failure code: 0x80040111 (NS_ERROR_NOT_AVAILABLE) [nsICertOverrideService.setDisableAllSecurityChecksAndLetAttackersInterceptMyData]
1688603450205	WebDriver BiDi	ERROR	Failed to stop protocol: [Exception... "Component returned failure code: 0x80040111 (NS_ERROR_NOT_AVAILABLE) [nsICertOverrideService.setDisableAllSecurityChecksAndLetAttackersInterceptMyData]"  nsresult: "0x80040111 (NS_ERROR_NOT_AVAILABLE)"  location: "JS frame :: chrome://remote/content/marionette/cert.sys.mjs :: allowAllCerts.disable :: line 51"  data: no] Stack trace: allowAllCerts.disable()@cert.sys.mjs:51
destroy()@Session.sys.mjs:205
deleteSession()@WebDriverBiDi.sys.mjs:142
stop()@WebDriverBiDi.sys.mjs:230
1688603520478	geckodriver	INFO	Listening on 127.0.0.1:51081
1688603523496	mozrunner::runner	INFO	Running command: "C:\\Program Files\\Mozilla Firefox\\firefox.exe" "--marionette" "--remote-debugging-port" "51082" "--remote-allow-hosts" "localhost" "-no-remote" "-profile" "C:\\Users\\RAE\\AppData\\Local\\Temp\\rust_mozprofilehysRSI"
console.warn: services.settings: Ignoring preference override of remote settings server
console.warn: services.settings: Allow by setting MOZ_REMOTE_SETTINGS_DEVTOOLS=1 in the environment
1688603525003	Marionette	INFO	Marionette enabled
Dynamically enable window occlusion 0
1688603525136	Marionette	INFO	Listening on port 51089
WebDriver BiDi listening on ws://127.0.0.1:51082
Read port: 51089
1688603526639	RemoteAgent	WARN	TLS certificate errors will be ignored for this session
DevTools listening on ws://127.0.0.1:51082/devtools/browser/676667b5-ab34-47ab-9baf-684fb7ae9e48
console.error: (new TypeError("linkMap is undefined", "resource://gre/modules/NewTabUtils.sys.mjs", 2003))
JavaScript warning: https://www.google.com/maps/_/js/k=maps.m.en.adM_FBJJ1kg.2019.O/m=sc2,per,mo,lp,ep,ti,ds,stx,dwi,enr,pwd,dw,ppl,log,std,b/am=BkIiAAE/rt=j/d=1/rs=ACT90oGux5zlFoaAAZuaOLblug2y0_cMPQ, line 2907: WEBGL_debug_renderer_info is deprecated in Firefox and will be removed. Please use RENDERER.
JavaScript warning: , line 0: WebGL warning: texSubImage: Texture has not been initialized prior to a partial upload, forcing the browser to clear it. This may be slow.
JavaScript warning: , line 0: WebGL warning: texSubImage: Tex image TEXTURE_2D level 0 is incurring lazy initialization.
JavaScript warning: , line 0: WebGL warning: texSubImage: Texture has not been initialized prior to a partial upload, forcing the browser to clear it. This may be slow.
JavaScript warning: , line 0: WebGL warning: texSubImage: Tex image TEXTURE_2D level 0 is incurring lazy initialization.
JavaScript warning: , line 0: WebGL warning: texSubImage: Texture has not been initialized prior to a partial upload, forcing the browser to clear it. This may be slow.
JavaScript warning: , line 0: WebGL warning: texSubImage: Tex image TEXTURE_2D level 0 is incurring lazy initialization.
JavaScript warning: , line 0: WebGL warning: texSubImage: Texture has not been initialized prior to a partial upload, forcing the browser to clear it. This may be slow.
JavaScript warning: , line 0: WebGL warning: texSubImage: Tex image TEXTURE_2D level 0 is incurring lazy initialization.
1688603636663	Marionette	INFO	Stopped listening on port 51089
Dynamically enable window occlusion 1
1688603681349	geckodriver	INFO	Listening on 127.0.0.1:51239
1688603684352	mozrunner::runner	INFO	Running command: "C:\\Program Files\\Mozilla Firefox\\firefox.exe" "--marionette" "--remote-debugging-port" "51240" "--remote-allow-hosts" "localhost" "-no-remote" "-profile" "C:\\Users\\RAE\\AppData\\Local\\Temp\\rust_mozprofileyIg6EU"
console.warn: services.settings: Ignoring preference override of remote settings server
console.warn: services.settings: Allow by setting MOZ_REMOTE_SETTINGS_DEVTOOLS=1 in the environment
1688603684937	Marionette	INFO	Marionette enabled
Dynamically enable window occlusion 0
1688603685121	Marionette	INFO	Listening on port 51247
WebDriver BiDi listening on ws://127.0.0.1:51240
Read port: 51247
1688603686300	RemoteAgent	WARN	TLS certificate errors will be ignored for this session
DevTools listening on ws://127.0.0.1:51240/devtools/browser/c0d0c9ad-ffa1-4b84-9f78-d99da61d1a1e
console.error: (new TypeError("linkMap is undefined", "resource://gre/modules/NewTabUtils.sys.mjs", 2003))
JavaScript warning: https://www.google.com/maps/_/js/k=maps.m.en.adM_FBJJ1kg.2019.O/m=sc2,per,mo,lp,ep,ti,ds,stx,dwi,enr,pwd,dw,ppl,log,std,b/am=BkIiAAE/rt=j/d=1/rs=ACT90oGux5zlFoaAAZuaOLblug2y0_cMPQ, line 2907: WEBGL_debug_renderer_info is deprecated in Firefox and will be removed. Please use RENDERER.
JavaScript warning: , line 0: WebGL warning: texSubImage: Texture has not been initialized prior to a partial upload, forcing the browser to clear it. This may be slow.
JavaScript warning: , line 0: WebGL warning: texSubImage: Tex image TEXTURE_2D level 0 is incurring lazy initialization.
JavaScript warning: , line 0: WebGL warning: texSubImage: Texture has not been initialized prior to a partial upload, forcing the browser to clear it. This may be slow.
JavaScript warning: , line 0: WebGL warning: texSubImage: Tex image TEXTURE_2D level 0 is incurring lazy initialization.
JavaScript warning: , line 0: WebGL warning: texSubImage: Texture has not been initialized prior to a partial upload, forcing the browser to clear it. This may be slow.
JavaScript warning: , line 0: WebGL warning: texSubImage: Tex image TEXTURE_2D level 0 is incurring lazy initialization.
JavaScript warning: , line 0: WebGL warning: texSubImage: Texture has not been initialized prior to a partial upload, forcing the browser to clear it. This may be slow.
JavaScript warning: , line 0: WebGL warning: texSubImage: Tex image TEXTURE_2D level 0 is incurring lazy initialization.
1688603791306	Marionette	INFO	Stopped listening on port 51247
Dynamically enable window occlusion 1
1688603836025	geckodriver	INFO	Listening on 127.0.0.1:51340
1688603839054	mozrunner::runner	INFO	Running command: "C:\\Program Files\\Mozilla Firefox\\firefox.exe" "--marionette" "--remote-debugging-port" "51341" "--remote-allow-hosts" "localhost" "-no-remote" "-profile" "C:\\Users\\RAE\\AppData\\Local\\Temp\\rust_mozprofilecuibaQ"
console.warn: services.settings: Ignoring preference override of remote settings server
console.warn: services.settings: Allow by setting MOZ_REMOTE_SETTINGS_DEVTOOLS=1 in the environment
1688603840456	Marionette	INFO	Marionette enabled
Dynamically enable window occlusion 0
1688603840591	Marionette	INFO	Listening on port 51348
WebDriver BiDi listening on ws://127.0.0.1:51341
Read port: 51348
1688603841760	RemoteAgent	WARN	TLS certificate errors will be ignored for this session
DevTools listening on ws://127.0.0.1:51341/devtools/browser/b9d75121-967a-470e-91ee-6482dda573f8
console.error: (new TypeError("linkMap is undefined", "resource://gre/modules/NewTabUtils.sys.mjs", 2003))
JavaScript warning: https://www.google.com/maps/_/js/k=maps.m.en.adM_FBJJ1kg.2019.O/m=sc2,per,mo,lp,ep,ti,ds,stx,dwi,enr,pwd,dw,ppl,log,std,b/am=BkIiAAE/rt=j/d=1/rs=ACT90oGux5zlFoaAAZuaOLblug2y0_cMPQ, line 2907: WEBGL_debug_renderer_info is deprecated in Firefox and will be removed. Please use RENDERER.
JavaScript warning: , line 0: WebGL warning: texSubImage: Texture has not been initialized prior to a partial upload, forcing the browser to clear it. This may be slow.
JavaScript warning: , line 0: WebGL warning: texSubImage: Tex image TEXTURE_2D level 0 is incurring lazy initialization.
JavaScript warning: , line 0: WebGL warning: texSubImage: Texture has not been initialized prior to a partial upload, forcing the browser to clear it. This may be slow.
JavaScript warning: , line 0: WebGL warning: texSubImage: Tex image TEXTURE_2D level 0 is incurring lazy initialization.
JavaScript warning: , line 0: WebGL warning: texSubImage: Texture has not been initialized prior to a partial upload, forcing the browser to clear it. This may be slow.
JavaScript warning: , line 0: WebGL warning: texSubImage: Tex image TEXTURE_2D level 0 is incurring lazy initialization.
JavaScript warning: , line 0: WebGL warning: texSubImage: Texture has not been initialized prior to a partial upload, forcing the browser to clear it. This may be slow.
JavaScript warning: , line 0: WebGL warning: texSubImage: Tex image TEXTURE_2D level 0 is incurring lazy initialization.
1688603893748	Marionette	INFO	Stopped listening on port 51348
Dynamically enable window occlusion 1
